IQ-TREE multicore version 1.6.12 for Linux 64-bit built Mar 16 2020
Developed by Bui Quang Minh, Nguyen Lam Tung, Olga Chernomor,
Heiko Schmidt, Dominik Schrempf, Michael Woodhams.

Host:    r15n21.lisa.surfsara.nl (AVX512, FMA3, 93 GB RAM)
Command: iqtree -fconst 1239777,1253656,1258991,1245025 -nt AUTO -pre TEST -s ../../output/snippy-core_out/core.aln
Seed:    763911 (Using SPRNG - Scalable Parallel Random Number Generator)
Time:    Fri Apr  3 21:42:03 2020
Kernel:  AVX+FMA - auto-detect threads (16 CPU cores detected)

Reading alignment file ../../output/snippy-core_out/core.aln ... Fasta format detected
Alignment most likely contains DNA/RNA sequences
Alignment has 9 sequences with 156719 columns, 2389 distinct patterns
100080 parsimony-informative, 56639 singleton sites, 0 constant sites
           Gap/Ambiguity  Composition  p-value
   1  Reference    0.00%    failed      0.00%
   2  strain01     0.00%    failed      0.00%
   3  strain02     0.00%    failed      0.01%
   4  strain03     0.00%    failed      0.00%
   5  strain04     0.00%    failed      0.00%
   6  strain05     0.00%    failed      0.00%
   7  strain06     0.00%    failed      0.00%
   8  strain07     0.00%    failed      0.00%
   9  strain08     0.00%    failed      0.00%
****  TOTAL        0.00%  9 sequences failed composition chi2 test (p-value<5%; df=3)
INFO: 4997449 const sites added into alignment
NOTE: minimal branch length is reduced to 0.000000019402 for long alignment


Create initial parsimony tree by phylogenetic likelihood library (PLL)... 0.014 seconds
NOTE: ModelFinder requires 7 MB RAM!
ModelFinder will test 286 DNA models (sample size: 5154168) ...
 No. Model         -LnL         df  AIC          AICc         BIC
Measuring multi-threading efficiency up to 16 CPU cores
Increase to 10 rounds for branch lengths
2232 trees examined
Threads: 1 / Time: 16.001 sec / Speedup: 1.000 / Efficiency: 100% / LogL: -9464949
Threads: 2 / Time: 11.404 sec / Speedup: 1.403 / Efficiency: 70% / LogL: -9464949
Threads: 3 / Time: 8.729 sec / Speedup: 1.833 / Efficiency: 61% / LogL: -9464949
Threads: 4 / Time: 8.048 sec / Speedup: 1.988 / Efficiency: 50% / LogL: -9464949
BEST NUMBER OF THREADS: 3

  1  JC            8619647.459  15  17239324.917 17239324.917 17239526.747
  2  JC+I          8545372.274  16  17090776.549 17090776.549 17090991.834
  3  JC+G4         8571846.610  16  17143725.219 17143725.219 17143940.504
  4  JC+I+G4       8546487.658  17  17093009.317 17093009.317 17093238.057
  5  JC+R2         8545388.083  17  17090810.167 17090810.167 17091038.907
  6  JC+R3         8545384.043  19  17090806.086 17090806.086 17091061.737
 14  F81+F         8619669.622  18  17239375.243 17239375.244 17239617.439
 15  F81+F+I       8545337.342  19  17090712.685 17090712.685 17090968.336
 16  F81+F+G4      8571857.147  19  17143752.293 17143752.293 17144007.944
 17  F81+F+I+G4    8545350.519  20  17090741.039 17090741.039 17091010.145
 18  F81+F+R2      8545354.169  20  17090748.338 17090748.338 17091017.444
 19  F81+F+R3      8545350.138  22  17090744.275 17090744.276 17091040.292
 27  K2P           8553039.885  16  17106111.769 17106111.770 17106327.054
 28  K2P+I         8474363.106  17  16948760.212 16948760.213 16948988.953
 29  K2P+G4        8504417.058  17  17008868.117 17008868.117 17009096.857
 30  K2P+I+G4      8474363.584  18  16948763.168 16948763.168 16949005.364
 31  K2P+R2        8474305.268  18  16948646.536 16948646.536 16948888.732
 32  K2P+R3        8474305.190  20  16948650.380 16948650.380 16948919.486
 40  HKY+F         8553053.359  19  17106144.719 17106144.719 17106400.370
 41  HKY+F+I       8474230.575  20  16948501.150 16948501.150 16948770.256
 42  HKY+F+G4      8504404.294  20  17008848.589 17008848.589 17009117.695
 43  HKY+F+I+G4    8474230.553  21  16948503.107 16948503.107 16948785.668
 44  HKY+F+R2      8474176.253  21  16948394.505 16948394.506 16948677.067
 45  HKY+F+R3      8474176.170  23  16948398.339 16948398.340 16948707.812
 53  TNe           8553040.109  17  17106114.218 17106114.218 17106342.958
 54  TNe+I         8474362.557  18  16948761.113 16948761.113 16949003.309
 55  TNe+G4        8504416.588  18  17008869.176 17008869.176 17009111.372
 56  TNe+I+G4      8474359.622  19  16948757.244 16948757.244 16949012.895
 57  TNe+R2        8474304.427  19  16948646.853 16948646.853 16948902.504
 58  TNe+R3        8474304.402  21  16948650.804 16948650.804 16948933.366
 66  TN+F          8553052.568  20  17106145.135 17106145.135 17106414.241
 67  TN+F+I        8474230.148  21  16948502.297 16948502.297 16948784.858
 68  TN+F+G4       8504403.780  21  17008849.560 17008849.560 17009132.122
 69  TN+F+I+G4     8474227.949  22  16948499.899 16948499.899 16948795.916
 70  TN+F+R2       8474175.685  22  16948395.370 16948395.370 16948691.387
 71  TN+F+R3       8474175.677  24  16948399.353 16948399.353 16948722.281
 79  K3P           8552839.773  17  17105713.545 17105713.545 17105942.285
 80  K3P+I         8474152.222  18  16948340.444 16948340.444 16948582.639
 81  K3P+G4        8504215.342  18  17008466.684 17008466.684 17008708.880
 82  K3P+I+G4      8474147.903  19  16948333.807 16948333.807 16948589.458
 83  K3P+R2        8474092.632  19  16948223.263 16948223.263 16948478.914
 84  K3P+R3        8474092.621  21  16948227.242 16948227.243 16948509.804
 92  K3Pu+F        8552853.079  20  17105746.157 17105746.157 17106015.264
 93  K3Pu+F+I      8474014.684  21  16948071.368 16948071.368 16948353.930
 94  K3Pu+F+G4     8504201.464  21  17008444.929 17008444.929 17008727.491
 95  K3Pu+F+I+G4   8474011.215  22  16948066.430 16948066.430 16948362.447
 96  K3Pu+F+R2     8473958.949  22  16947961.898 16947961.898 16948257.915
 97  K3Pu+F+R3     8473958.902  24  16947965.805 16947965.805 16948288.732
105  TPM2+F        8552883.975  20  17105807.950 17105807.950 17106077.057
106  TPM2+F+I      8473801.290  21  16947644.580 16947644.581 16947927.142
107  TPM2+F+G4     8504194.279  21  17008430.557 17008430.558 17008713.119
108  TPM2+F+I+G4   8473797.368  22  16947638.736 16947638.736 16947934.753
109  TPM2+F+R2     8473754.396  22  16947552.792 16947552.792 16947848.809
110  TPM2+F+R3     8473754.378  24  16947556.755 16947556.755 16947879.683
118  TPM2u+F       8552884.661  20  17105809.321 17105809.321 17106078.427
119  TPM2u+F+I     8473801.150  21  16947644.299 16947644.300 16947926.861
120  TPM2u+F+G4    8504194.220  21  17008430.439 17008430.439 17008713.001
121  TPM2u+F+I+G4  8473795.516  22  16947635.031 16947635.031 16947931.048
122  TPM2u+F+R2    8473754.151  22  16947552.303 16947552.303 16947848.320
123  TPM2u+F+R3    8473754.107  24  16947556.214 16947556.215 16947879.142
131  TPM3+F        8552933.693  20  17105907.385 17105907.386 17106176.492
132  TPM3+F+I      8473879.635  21  16947801.270 16947801.270 16948083.832
133  TPM3+F+G4     8504248.924  21  17008539.849 17008539.849 17008822.411
134  TPM3+F+I+G4   8473874.247  22  16947792.493 16947792.494 16948088.510
135  TPM3+F+R2     8473831.976  22  16947707.951 16947707.952 16948003.968
136  TPM3+F+R3     8473831.942  24  16947711.885 16947711.885 16948034.812
144  TPM3u+F       8552932.987  20  17105905.975 17105905.975 17106175.081
145  TPM3u+F+I     8473879.875  21  16947801.750 16947801.751 16948084.312
146  TPM3u+F+G4    8504248.720  21  17008539.440 17008539.441 17008822.002
147  TPM3u+F+I+G4  8473874.171  22  16947792.343 16947792.343 16948088.360
148  TPM3u+F+R2    8473831.947  22  16947707.894 16947707.894 16948003.911
149  TPM3u+F+R3    8473831.932  24  16947711.864 16947711.864 16948034.791
157  TIMe          8552839.530  18  17105715.061 17105715.061 17105957.257
158  TIMe+I        8474151.646  19  16948341.292 16948341.292 16948596.943
159  TIMe+G4       8504218.009  19  17008474.019 17008474.019 17008729.670
160  TIMe+I+G4     8474141.222  20  16948322.444 16948322.445 16948591.551
161  TIMe+R2       8474092.021  20  16948224.042 16948224.042 16948493.148
162  TIMe+R3       8474091.938  22  16948227.875 16948227.875 16948523.892
170  TIM+F         8552852.287  21  17105746.574 17105746.574 17106029.135
171  TIM+F+I       8474018.935  22  16948081.869 16948081.869 16948377.886
172  TIM+F+G4      8504201.377  22  17008446.754 17008446.754 17008742.771
173  TIM+F+I+G4    8474004.940  23  16948055.879 16948055.879 16948365.352
174  TIM+F+R2      8473958.367  23  16947962.734 16947962.734 16948272.206
175  TIM+F+R3      8473958.332  25  16947966.665 16947966.665 16948303.048
183  TIM2e         8552892.283  18  17105820.566 17105820.567 17106062.762
184  TIM2e+I       8473979.680  19  16947997.360 16947997.360 16948253.011
185  TIM2e+G4      8504233.246  19  17008504.492 17008504.493 17008760.143
186  TIM2e+I+G4    8473970.123  20  16947980.246 16947980.246 16948249.352
187  TIM2e+R2      8473928.484  20  16947896.968 16947896.968 16948166.074
188  TIM2e+R3      8473928.436  22  16947900.873 16947900.873 16948196.890
196  TIM2+F        8552883.606  21  17105809.212 17105809.213 17106091.774
197  TIM2+F+I      8473801.745  22  16947647.491 16947647.491 16947943.508
198  TIM2+F+G4     8504192.825  22  17008429.650 17008429.650 17008725.667
199  TIM2+F+I+G4   8473789.723  23  16947625.445 16947625.445 16947934.917
200  TIM2+F+R2     8473753.827  23  16947553.654 16947553.654 16947863.126
201  TIM2+F+R3     8473753.808  25  16947557.615 16947557.615 16947893.998
209  TIM3e         8552932.784  18  17105901.568 17105901.568 17106143.764
210  TIM3e+I       8474038.393  19  16948114.786 16948114.786 16948370.437
211  TIM3e+G4      8504275.667  19  17008589.334 17008589.334 17008844.985
212  TIM3e+I+G4    8474023.614  20  16948087.228 16948087.228 16948356.334
213  TIM3e+R2      8473987.314  20  16948014.629 16948014.629 16948283.735
214  TIM3e+R3      8473987.271  22  16948018.542 16948018.542 16948314.559
222  TIM3+F        8552932.437  21  17105906.873 17105906.874 17106189.435
223  TIM3+F+I      8473880.930  22  16947805.859 16947805.860 16948101.876
224  TIM3+F+G4     8504248.007  22  17008540.013 17008540.014 17008836.030
225  TIM3+F+I+G4   8473864.423  23  16947774.847 16947774.847 16948084.319
226  TIM3+F+R2     8473831.726  23  16947709.452 16947709.452 16948018.924
227  TIM3+F+R3     8473831.635  25  16947713.271 16947713.271 16948049.654
235  TVMe          8552567.322  19  17105172.645 17105172.645 17105428.296
236  TVMe+I        8473435.048  20  16946910.096 16946910.096 16947179.202
237  TVMe+G4       8503871.841  20  17007783.682 17007783.682 17008052.788
238  TVMe+I+G4     8473420.694  21  16946883.388 16946883.388 16947165.950
239  TVMe+R2       8473389.316  21  16946820.632 16946820.632 16947103.194
240  TVMe+R3       8473389.206  23  16946824.412 16946824.412 16947133.884
248  TVM+F         8552544.896  22  17105133.792 17105133.792 17105429.809
249  TVM+F+I       8473228.075  23  16946502.151 16946502.151 16946811.623
250  TVM+F+G4      8503816.633  23  17007679.265 17007679.265 17007988.737
251  TVM+F+I+G4    8473214.332  24  16946476.663 16946476.664 16946799.591
252  TVM+F+R2      8473185.825  24  16946419.650 16946419.651 16946742.578
253  TVM+F+R3      8473185.776  26  16946423.553 16946423.553 16946773.391
261  SYM           8552562.977  20  17105165.954 17105165.954 17105435.060
262  SYM+I         8473435.960  21  16946913.920 16946913.920 16947196.482
263  SYM+G4        8503872.085  21  17007786.171 17007786.171 17008068.732
264  SYM+I+G4      8473419.173  22  16946882.346 16946882.347 16947178.363
265  SYM+R2        8473387.878  22  16946819.756 16946819.756 16947115.773
266  SYM+R3        8473387.861  24  16946823.723 16946823.723 16947146.651
274  GTR+F         8552554.363  23  17105154.726 17105154.726 17105464.198
275  GTR+F+I       8473234.510  24  16946517.020 16946517.020 16946839.947
276  GTR+F+G4      8503814.871  24  17007677.742 17007677.743 17008000.670
277  GTR+F+I+G4    8473214.223  25  16946478.446 16946478.446 16946814.829
278  GTR+F+R2      8473185.899  25  16946421.798 16946421.798 16946758.181
279  GTR+F+R3      8473185.758  27  16946425.517 16946425.517 16946788.810
Akaike Information Criterion:           TVM+F+R2
Corrected Akaike Information Criterion: TVM+F+R2
Bayesian Information Criterion:         TVM+F+R2
Best-fit model: TVM+F+R2 chosen according to BIC

All model information printed to TEST.model.gz
CPU time for ModelFinder: 126.848 seconds (0h:2m:6s)
Wall-clock time for ModelFinder: 54.527 seconds (0h:0m:54s)

NOTE: 1 MB RAM (0 GB) is required!
Measuring multi-threading efficiency up to 16 CPU cores
Increase to 10 rounds for branch lengths
1675 trees examined
Threads: 1 / Time: 16.002 sec / Speedup: 1.000 / Efficiency: 100% / LogL: -9498207
Threads: 2 / Time: 11.941 sec / Speedup: 1.340 / Efficiency: 67% / LogL: -9498207
Threads: 3 / Time: 5.569 sec / Speedup: 2.873 / Efficiency: 96% / LogL: -9498207
Threads: 4 / Time: 9.412 sec / Speedup: 1.700 / Efficiency: 43% / LogL: -9498207
BEST NUMBER OF THREADS: 3

Estimate model parameters (epsilon = 0.100)
1. Initial log-likelihood: -8607427.045
2. Current log-likelihood: -8532498.070
3. Current log-likelihood: -8530101.029
4. Current log-likelihood: -8529674.419
5. Current log-likelihood: -8529231.152
6. Current log-likelihood: -8528778.246
7. Current log-likelihood: -8528339.223
8. Current log-likelihood: -8527908.239
9. Current log-likelihood: -8527471.255
10. Current log-likelihood: -8527024.067
11. Current log-likelihood: -8526565.972
12. Current log-likelihood: -8526096.563
13. Current log-likelihood: -8525616.679
14. Current log-likelihood: -8525117.964
15. Current log-likelihood: -8524610.433
16. Current log-likelihood: -8524090.181
17. Current log-likelihood: -8523556.369
18. Current log-likelihood: -8523008.461
19. Current log-likelihood: -8522445.937
20. Current log-likelihood: -8521868.221
21. Current log-likelihood: -8521274.736
22. Current log-likelihood: -8520664.849
23. Current log-likelihood: -8520037.828
24. Current log-likelihood: -8519392.987
25. Current log-likelihood: -8518729.689
26. Current log-likelihood: -8518047.161
27. Current log-likelihood: -8517344.630
28. Current log-likelihood: -8516621.238
29. Current log-likelihood: -8515876.132
30. Current log-likelihood: -8515105.587
31. Current log-likelihood: -8514312.087
32. Current log-likelihood: -8513489.829
33. Current log-likelihood: -8512647.676
34. Current log-likelihood: -8511778.812
35. Current log-likelihood: -8510882.037
36. Current log-likelihood: -8509956.129
37. Current log-likelihood: -8508999.915
38. Current log-likelihood: -8508012.096
39. Current log-likelihood: -8506991.453
40. Current log-likelihood: -8505936.451
41. Current log-likelihood: -8504846.005
42. Current log-likelihood: -8503718.881
43. Current log-likelihood: -8502553.976
44. Current log-likelihood: -8501350.134
45. Current log-likelihood: -8500102.080
46. Current log-likelihood: -8498821.577
47. Current log-likelihood: -8497497.800
48. Current log-likelihood: -8496134.288
49. Current log-likelihood: -8494726.819
50. Current log-likelihood: -8493287.096
51. Current log-likelihood: -8491822.190
52. Current log-likelihood: -8490338.298
53. Current log-likelihood: -8488840.603
54. Current log-likelihood: -8487339.552
55. Current log-likelihood: -8485846.649
56. Current log-likelihood: -8484374.718
57. Current log-likelihood: -8482935.121
58. Current log-likelihood: -8481548.006
59. Current log-likelihood: -8480238.296
60. Current log-likelihood: -8479017.517
61. Current log-likelihood: -8477905.478
62. Current log-likelihood: -8476918.412
63. Current log-likelihood: -8476067.403
64. Current log-likelihood: -8475356.228
65. Current log-likelihood: -8474777.564
66. Current log-likelihood: -8474324.216
67. Current log-likelihood: -8473980.189
68. Current log-likelihood: -8473722.194
69. Current log-likelihood: -8473543.583
70. Current log-likelihood: -8473421.023
71. Current log-likelihood: -8473338.629
72. Current log-likelihood: -8473283.515
73. Current log-likelihood: -8473248.564
74. Current log-likelihood: -8473226.291
75. Current log-likelihood: -8473212.500
76. Current log-likelihood: -8473203.692
77. Current log-likelihood: -8473196.338
78. Current log-likelihood: -8473192.049
79. Current log-likelihood: -8473189.956
80. Current log-likelihood: -8473188.669
81. Current log-likelihood: -8473187.905
82. Current log-likelihood: -8473187.492
83. Current log-likelihood: -8473187.328
84. Current log-likelihood: -8473187.061
85. Current log-likelihood: -8473186.958
Optimal log-likelihood: -8473186.866
Rate parameters:  A-C: 1.01281  A-G: 5.84217  A-T: 1.07431  C-G: 0.59359  C-T: 5.84217  G-T: 1.00000
Base frequencies:  A: 0.247  C: 0.252  G: 0.253  T: 0.248
Site proportion and rates:  (0.952,0.103) (0.048,18.930)
Parameters optimization took 85 rounds (0.464 sec)
Computing ML distances based on estimated model parameters... 0.004 sec
Computing BIONJ tree...
0.002 seconds
Log-likelihood of BIONJ tree: -8473186.866
--------------------------------------------------------------------
|             INITIALIZING CANDIDATE TREE SET                      |
--------------------------------------------------------------------
Generating 99 parsimony trees... 1.857 second
Computing log-likelihood of 73 initial trees ... 0.098 seconds
Current best score: -8473186.866

Do NNI search on 20 best initial trees
Estimate model parameters (epsilon = 0.100)
BETTER TREE FOUND at iteration 1: -8473186.348
Iteration 10 / LogL: -8473189.270 / Time: 0h:0m:45s
Iteration 20 / LogL: -8473401.413 / Time: 0h:0m:45s
Finish initializing candidate tree set (1)
Current best tree score: -8473186.348 / CPU time: 2.110
Number of iterations: 20
--------------------------------------------------------------------
|               OPTIMIZING CANDIDATE TREE SET                      |
--------------------------------------------------------------------
UPDATE BEST LOG-LIKELIHOOD: -8473186.348
UPDATE BEST LOG-LIKELIHOOD: -8473186.348
Iteration 30 / LogL: -8473186.348 / Time: 0h:0m:45s (0h:1m:51s left)
Iteration 40 / LogL: -8473789.697 / Time: 0h:0m:45s (0h:1m:11s left)
Iteration 50 / LogL: -8473191.214 / Time: 0h:0m:45s (0h:0m:47s left)
Iteration 60 / LogL: -8473192.323 / Time: 0h:0m:45s (0h:0m:31s left)
Iteration 70 / LogL: -8473186.454 / Time: 0h:0m:45s (0h:0m:20s left)
Iteration 80 / LogL: -8473187.816 / Time: 0h:0m:45s (0h:0m:12s left)
Iteration 90 / LogL: -8473260.019 / Time: 0h:0m:46s (0h:0m:5s left)
Iteration 100 / LogL: -8473489.067 / Time: 0h:0m:46s (0h:0m:0s left)
TREE SEARCH COMPLETED AFTER 102 ITERATIONS / Time: 0h:0m:46s

--------------------------------------------------------------------
|                    FINALIZING TREE SEARCH                        |
--------------------------------------------------------------------
Performs final model parameters optimization
Estimate model parameters (epsilon = 0.010)
1. Initial log-likelihood: -8473186.348
2. Current log-likelihood: -8473186.299
3. Current log-likelihood: -8473186.240
4. Current log-likelihood: -8473186.196
5. Current log-likelihood: -8473186.142
6. Current log-likelihood: -8473186.102
7. Current log-likelihood: -8473186.066
8. Current log-likelihood: -8473186.019
9. Current log-likelihood: -8473185.987
10. Current log-likelihood: -8473185.955
11. Current log-likelihood: -8473185.926
12. Current log-likelihood: -8473185.887
13. Current log-likelihood: -8473185.861
14. Current log-likelihood: -8473185.835
15. Current log-likelihood: -8473185.800
16. Current log-likelihood: -8473185.777
17. Current log-likelihood: -8473185.756
18. Current log-likelihood: -8473185.736
19. Current log-likelihood: -8473185.705
20. Current log-likelihood: -8473185.687
21. Current log-likelihood: -8473185.670
22. Current log-likelihood: -8473185.643
23. Current log-likelihood: -8473185.628
24. Current log-likelihood: -8473185.613
25. Current log-likelihood: -8473185.600
26. Current log-likelihood: -8473185.576
27. Current log-likelihood: -8473185.564
28. Current log-likelihood: -8473185.552
29. Current log-likelihood: -8473185.542
30. Current log-likelihood: -8473185.531
31. Current log-likelihood: -8473185.510
Optimal log-likelihood: -8473185.500
Rate parameters:  A-C: 1.02117  A-G: 5.89356  A-T: 1.08392  C-G: 0.60080  C-T: 5.89356  G-T: 1.00000
Base frequencies:  A: 0.247  C: 0.252  G: 0.253  T: 0.248
Site proportion and rates:  (0.952,0.101) (0.048,18.926)
Parameters optimization took 31 rounds (0.133 sec)
BEST SCORE FOUND : -8473185.500
Total tree length: 0.044

Total number of iterations: 102
CPU time used for tree search: 7.640 sec (0h:0m:7s)
Wall-clock time used for tree search: 2.715 sec (0h:0m:2s)
Total CPU time used: 102.512 sec (0h:1m:42s)
Total wall-clock time used: 46.250 sec (0h:0m:46s)

Analysis results written to: 
  IQ-TREE report:                TEST.iqtree
  Maximum-likelihood tree:       TEST.treefile
  Likelihood distances:          TEST.mldist
  Screen log file:               TEST.log

Date and Time: Fri Apr  3 21:43:46 2020
