[21:38:05] This is snippy 4.4.5
[21:38:05] Written by Torsten Seemann
[21:38:05] Obtained from https://github.com/tseemann/snippy
[21:38:05] Detected operating system: linux
[21:38:05] Enabling bundled linux tools.
[21:38:05] Found bwa - /project/vdputten/SNP_pipeline/.snakemake/conda/ea2788ee/bin/bwa
[21:38:05] Found bcftools - /project/vdputten/SNP_pipeline/.snakemake/conda/ea2788ee/bin/bcftools
[21:38:05] Found samtools - /project/vdputten/SNP_pipeline/.snakemake/conda/ea2788ee/bin/samtools
[21:38:05] Found java - /project/vdputten/SNP_pipeline/.snakemake/conda/ea2788ee/bin/java
[21:38:05] Found snpEff - /project/vdputten/SNP_pipeline/.snakemake/conda/ea2788ee/bin/snpEff
[21:38:05] Found samclip - /project/vdputten/SNP_pipeline/.snakemake/conda/ea2788ee/bin/samclip
[21:38:05] Found seqtk - /project/vdputten/SNP_pipeline/.snakemake/conda/ea2788ee/bin/seqtk
[21:38:05] Found parallel - /project/vdputten/SNP_pipeline/.snakemake/conda/ea2788ee/bin/parallel
[21:38:05] Found freebayes - /project/vdputten/SNP_pipeline/.snakemake/conda/ea2788ee/bin/freebayes
[21:38:05] Found freebayes-parallel - /project/vdputten/SNP_pipeline/.snakemake/conda/ea2788ee/bin/freebayes-parallel
[21:38:05] Found fasta_generate_regions.py - /project/vdputten/SNP_pipeline/.snakemake/conda/ea2788ee/bin/fasta_generate_regions.py
[21:38:05] Found vcfstreamsort - /project/vdputten/SNP_pipeline/.snakemake/conda/ea2788ee/bin/vcfstreamsort
[21:38:05] Found vcfuniq - /project/vdputten/SNP_pipeline/.snakemake/conda/ea2788ee/bin/vcfuniq
[21:38:05] Found vcffirstheader - /project/vdputten/SNP_pipeline/.snakemake/conda/ea2788ee/bin/vcffirstheader
[21:38:05] Found gzip - /bin/gzip
[21:38:05] Found vt - /project/vdputten/SNP_pipeline/.snakemake/conda/ea2788ee/bin/vt
[21:38:05] Found snippy-vcf_to_tab - /project/vdputten/SNP_pipeline/.snakemake/conda/ea2788ee/bin/snippy-vcf_to_tab
[21:38:05] Found snippy-vcf_report - /project/vdputten/SNP_pipeline/.snakemake/conda/ea2788ee/bin/snippy-vcf_report
[21:38:05] Checking version: samtools --version is >= 1.7 - ok, have 1.9
[21:38:05] Checking version: bcftools --version is >= 1.7 - ok, have 1.9
[21:38:06] Checking version: freebayes --version is >= 1.1 - ok, have 1.3
[21:38:06] Checking version: java -version is >= 1.8 - ok, have 1.8
[21:38:06] Checking version: snpEff -version is >= 4.3 - ok, have 4.3
[21:38:06] Checking version: bwa is >= 7.12 - ok, have 7.17
[21:38:06] Using reference: /project/vdputten/SNP_pipeline/input/references/ATCC25922.gbk
[21:38:06] Treating reference as 'genbank' format.
[21:38:06] Will use 8 CPU cores.
[21:38:06] Using read file: /project/vdputten/SNP_pipeline/output/trimmed_illumina/strain06_1_trimmed.fastq.gz
[21:38:06] Using read file: /project/vdputten/SNP_pipeline/output/trimmed_illumina/strain06_2_trimmed.fastq.gz
[21:38:06] Creating folder: output/snippy_out/strain06
[21:38:06] Changing working directory: output/snippy_out/strain06
[21:38:06] Creating reference folder: reference
[21:38:06] Extracting FASTA and GFF from reference.
[21:38:08] Wrote 3 sequences to ref.fa
[21:38:08] Wrote 4914 features to ref.gff
[21:38:08] Creating reference/snpeff.config
[21:38:08] Freebayes will process 15 chunks of 352690 bp, 8 chunks at a time.
[21:38:08] Using BAM RG (Read Group) ID: strain06
[21:38:08] Running: samtools faidx reference/ref.fa 2>> snps.log
[21:38:08] Running: bwa index reference/ref.fa 2>> snps.log
[21:38:10] Running: mkdir -p reference/genomes && cp -f reference/ref.fa reference/genomes/ref.fa 2>> snps.log
[21:38:11] Running: ln -sf reference/ref.fa . 2>> snps.log
[21:38:11] Running: ln -sf reference/ref.fa.fai . 2>> snps.log
[21:38:11] Running: mkdir -p reference/ref && gzip -c reference/ref.gff > reference/ref/genes.gff.gz 2>> snps.log
[21:38:11] Running: snpEff build -c reference/snpeff.config -dataDir . -gff3 ref 2>> snps.log
[21:38:15] Running: bwa mem  -Y -M -R '@RG\tID:strain06\tSM:strain06' -t 8 reference/ref.fa /project/vdputten/SNP_pipeline/output/trimmed_illumina/strain06_1_trimmed.fastq.gz /project/vdputten/SNP_pipeline/output/trimmed_illumina/strain06_2_trimmed.fastq.gz | samclip --max 10 --ref reference/ref.fa.fai | samtools sort -n -l 0 -T /scratch --threads 7 -m 571M | samtools fixmate -m - - | samtools sort -l 0 -T /scratch --threads 7 -m 571M | samtools markdup -T /scratch -r -s - - > snps.bam 2>> snps.log
[M::bwa_idx_load_from_disk] read 0 ALT contigs
[samclip] samclip 0.4.0 by Torsten Seemann (@torstenseemann)
[samclip] Loading: reference/ref.fa.fai
[samclip] Found 3 sequences in reference/ref.fa.fai
[M::process] read 556232 sequences (80000148 bp)...
[M::process] read 556722 sequences (80000000 bp)...
[M::mem_pestat] # candidate unique pairs for (FF, FR, RF, RR): (13, 212197, 18, 15)
[M::mem_pestat] analyzing insert size distribution for orientation FF...
[M::mem_pestat] (25, 50, 75) percentile: (65, 134, 6180)
[M::mem_pestat] low and high boundaries for computing mean and std.dev: (1, 18410)
[M::mem_pestat] mean and std.dev: (1848.62, 2613.11)
[M::mem_pestat] low and high boundaries for proper pairs: (1, 24525)
[M::mem_pestat] analyzing insert size distribution for orientation FR...
[M::mem_pestat] (25, 50, 75) percentile: (151, 206, 274)
[M::mem_pestat] low and high boundaries for computing mean and std.dev: (1, 520)
[M::mem_pestat] mean and std.dev: (217.99, 88.09)
[M::mem_pestat] low and high boundaries for proper pairs: (1, 643)
[M::mem_pestat] analyzing insert size distribution for orientation RF...
[M::mem_pestat] (25, 50, 75) percentile: (57, 310, 5562)
[M::mem_pestat] low and high boundaries for computing mean and std.dev: (1, 16572)
[M::mem_pestat] mean and std.dev: (1909.89, 2384.22)
[M::mem_pestat] low and high boundaries for proper pairs: (1, 22077)
[M::mem_pestat] analyzing insert size distribution for orientation RR...
[M::mem_pestat] (25, 50, 75) percentile: (3, 3, 4194)
[M::mem_pestat] low and high boundaries for computing mean and std.dev: (1, 12576)
[M::mem_pestat] mean and std.dev: (1600.07, 2553.60)
[M::mem_pestat] low and high boundaries for proper pairs: (1, 16767)
[M::mem_pestat] skip orientation FF
[M::mem_pestat] skip orientation RF
[M::mem_pestat] skip orientation RR
[M::mem_process_seqs] Processed 556232 reads in 56.344 CPU sec, 8.986 real sec
[samclip] Processed 100000 records...
[samclip] Processed 200000 records...
[samclip] Processed 300000 records...
[samclip] Processed 400000 records...
[samclip] Processed 500000 records...
[M::process] read 557904 sequences (80000236 bp)...
[M::mem_pestat] # candidate unique pairs for (FF, FR, RF, RR): (16, 212114, 28, 4)
[M::mem_pestat] analyzing insert size distribution for orientation FF...
[M::mem_pestat] (25, 50, 75) percentile: (97, 4191, 6161)
[M::mem_pestat] low and high boundaries for computing mean and std.dev: (1, 18289)
[M::mem_pestat] mean and std.dev: (3100.12, 2762.79)
[M::mem_pestat] low and high boundaries for proper pairs: (1, 24353)
[M::mem_pestat] analyzing insert size distribution for orientation FR...
[M::mem_pestat] (25, 50, 75) percentile: (150, 205, 273)
[M::mem_pestat] low and high boundaries for computing mean and std.dev: (1, 519)
[M::mem_pestat] mean and std.dev: (217.10, 87.97)
[M::mem_pestat] low and high boundaries for proper pairs: (1, 642)
[M::mem_pestat] analyzing insert size distribution for orientation RF...
[M::mem_pestat] (25, 50, 75) percentile: (82, 224, 5487)
[M::mem_pestat] low and high boundaries for computing mean and std.dev: (1, 16297)
[M::mem_pestat] mean and std.dev: (1867.21, 2439.43)
[M::mem_pestat] low and high boundaries for proper pairs: (1, 21702)
[M::mem_pestat] skip orientation RR as there are not enough pairs
[M::mem_pestat] skip orientation FF
[M::mem_pestat] skip orientation RF
[M::mem_process_seqs] Processed 556722 reads in 56.856 CPU sec, 7.425 real sec
[samclip] Processed 600000 records...
[samclip] Processed 700000 records...
[samclip] Processed 800000 records...
[samclip] Processed 900000 records...
[samclip] Processed 1000000 records...
[samclip] Processed 1100000 records...
[M::process] read 558242 sequences (80000110 bp)...
[M::mem_pestat] # candidate unique pairs for (FF, FR, RF, RR): (11, 212619, 17, 7)
[M::mem_pestat] analyzing insert size distribution for orientation FF...
[M::mem_pestat] (25, 50, 75) percentile: (55, 107, 6296)
[M::mem_pestat] low and high boundaries for computing mean and std.dev: (1, 18778)
[M::mem_pestat] mean and std.dev: (2107.64, 3357.05)
[M::mem_pestat] low and high boundaries for proper pairs: (1, 25019)
[M::mem_pestat] analyzing insert size distribution for orientation FR...
[M::mem_pestat] (25, 50, 75) percentile: (148, 202, 270)
[M::mem_pestat] low and high boundaries for computing mean and std.dev: (1, 514)
[M::mem_pestat] mean and std.dev: (214.41, 87.09)
[M::mem_pestat] low and high boundaries for proper pairs: (1, 636)
[M::mem_pestat] analyzing insert size distribution for orientation RF...
[M::mem_pestat] (25, 50, 75) percentile: (109, 282, 5581)
[M::mem_pestat] low and high boundaries for computing mean and std.dev: (1, 16525)
[M::mem_pestat] mean and std.dev: (2423.41, 2507.36)
[M::mem_pestat] low and high boundaries for proper pairs: (1, 21997)
[M::mem_pestat] skip orientation RR as there are not enough pairs
[M::mem_pestat] skip orientation FF
[M::mem_pestat] skip orientation RF
[M::mem_process_seqs] Processed 557904 reads in 56.864 CPU sec, 7.472 real sec
[samclip] Processed 1200000 records...
[samclip] Processed 1300000 records...
[samclip] Processed 1400000 records...
[samclip] Processed 1500000 records...
[samclip] Processed 1600000 records...
[M::process] read 558380 sequences (80000288 bp)...
[M::mem_pestat] # candidate unique pairs for (FF, FR, RF, RR): (10, 212737, 22, 4)
[M::mem_pestat] analyzing insert size distribution for orientation FF...
[M::mem_pestat] (25, 50, 75) percentile: (86, 4254, 6279)
[M::mem_pestat] low and high boundaries for computing mean and std.dev: (1, 18665)
[M::mem_pestat] mean and std.dev: (2951.60, 2924.74)
[M::mem_pestat] low and high boundaries for proper pairs: (1, 24858)
[M::mem_pestat] analyzing insert size distribution for orientation FR...
[M::mem_pestat] (25, 50, 75) percentile: (148, 202, 269)
[M::mem_pestat] low and high boundaries for computing mean and std.dev: (1, 511)
[M::mem_pestat] mean and std.dev: (213.86, 86.87)
[M::mem_pestat] low and high boundaries for proper pairs: (1, 632)
[M::mem_pestat] analyzing insert size distribution for orientation RF...
[M::mem_pestat] (25, 50, 75) percentile: (62, 3602, 5588)
[M::mem_pestat] low and high boundaries for computing mean and std.dev: (1, 16640)
[M::mem_pestat] mean and std.dev: (2979.91, 3043.72)
[M::mem_pestat] low and high boundaries for proper pairs: (1, 22166)
[M::mem_pestat] skip orientation RR as there are not enough pairs
[M::mem_pestat] skip orientation FF
[M::mem_pestat] skip orientation RF
[M::mem_process_seqs] Processed 558242 reads in 56.644 CPU sec, 7.618 real sec
[samclip] Processed 1700000 records...
[samclip] Processed 1800000 records...
[samclip] Processed 1900000 records...
[samclip] Processed 2000000 records...
[samclip] Processed 2100000 records...
[samclip] Processed 2200000 records...
[M::process] read 558736 sequences (80000046 bp)...
[M::mem_pestat] # candidate unique pairs for (FF, FR, RF, RR): (10, 213232, 15, 8)
[M::mem_pestat] analyzing insert size distribution for orientation FF...
[M::mem_pestat] (25, 50, 75) percentile: (131, 4007, 4260)
[M::mem_pestat] low and high boundaries for computing mean and std.dev: (1, 12518)
[M::mem_pestat] mean and std.dev: (2684.40, 2846.88)
[M::mem_pestat] low and high boundaries for proper pairs: (1, 16647)
[M::mem_pestat] analyzing insert size distribution for orientation FR...
[M::mem_pestat] (25, 50, 75) percentile: (148, 202, 269)
[M::mem_pestat] low and high boundaries for computing mean and std.dev: (1, 511)
[M::mem_pestat] mean and std.dev: (213.88, 86.90)
[M::mem_pestat] low and high boundaries for proper pairs: (1, 632)
[M::mem_pestat] analyzing insert size distribution for orientation RF...
[M::mem_pestat] (25, 50, 75) percentile: (184, 377, 5524)
[M::mem_pestat] low and high boundaries for computing mean and std.dev: (1, 16204)
[M::mem_pestat] mean and std.dev: (2157.73, 2330.56)
[M::mem_pestat] low and high boundaries for proper pairs: (1, 21544)
[M::mem_pestat] skip orientation RR as there are not enough pairs
[M::mem_pestat] skip orientation FF
[M::mem_pestat] skip orientation RF
[M::mem_process_seqs] Processed 558380 reads in 57.476 CPU sec, 7.376 real sec
[samclip] Processed 2300000 records...
[samclip] Processed 2400000 records...
[samclip] Processed 2500000 records...
[samclip] Processed 2600000 records...
[samclip] Processed 2700000 records...
[M::process] read 559462 sequences (80000210 bp)...
[M::mem_pestat] # candidate unique pairs for (FF, FR, RF, RR): (9, 213490, 19, 7)
[M::mem_pestat] skip orientation FF as there are not enough pairs
[M::mem_pestat] analyzing insert size distribution for orientation FR...
[M::mem_pestat] (25, 50, 75) percentile: (147, 201, 268)
[M::mem_pestat] low and high boundaries for computing mean and std.dev: (1, 510)
[M::mem_pestat] mean and std.dev: (213.11, 86.68)
[M::mem_pestat] low and high boundaries for proper pairs: (1, 631)
[M::mem_pestat] analyzing insert size distribution for orientation RF...
[M::mem_pestat] (25, 50, 75) percentile: (34, 216, 3615)
[M::mem_pestat] low and high boundaries for computing mean and std.dev: (1, 10777)
[M::mem_pestat] mean and std.dev: (1579.26, 2262.44)
[M::mem_pestat] low and high boundaries for proper pairs: (1, 14358)
[M::mem_pestat] skip orientation RR as there are not enough pairs
[M::mem_pestat] skip orientation RF
[M::mem_process_seqs] Processed 558736 reads in 57.744 CPU sec, 7.093 real sec
[samclip] Processed 2800000 records...
[samclip] Processed 2900000 records...
[samclip] Processed 3000000 records...
[samclip] Processed 3100000 records...
[samclip] Processed 3200000 records...
[samclip] Processed 3300000 records...
[M::process] read 560564 sequences (80000294 bp)...
[M::mem_pestat] # candidate unique pairs for (FF, FR, RF, RR): (14, 213486, 21, 10)
[M::mem_pestat] analyzing insert size distribution for orientation FF...
[M::mem_pestat] (25, 50, 75) percentile: (33, 103, 184)
[M::mem_pestat] low and high boundaries for computing mean and std.dev: (1, 486)
[M::mem_pestat] mean and std.dev: (87.33, 68.38)
[M::mem_pestat] low and high boundaries for proper pairs: (1, 637)
[M::mem_pestat] analyzing insert size distribution for orientation FR...
[M::mem_pestat] (25, 50, 75) percentile: (146, 200, 267)
[M::mem_pestat] low and high boundaries for computing mean and std.dev: (1, 509)
[M::mem_pestat] mean and std.dev: (211.65, 86.17)
[M::mem_pestat] low and high boundaries for proper pairs: (1, 630)
[M::mem_pestat] analyzing insert size distribution for orientation RF...
[M::mem_pestat] (25, 50, 75) percentile: (94, 1177, 5621)
[M::mem_pestat] low and high boundaries for computing mean and std.dev: (1, 16675)
[M::mem_pestat] mean and std.dev: (2275.05, 2365.89)
[M::mem_pestat] low and high boundaries for proper pairs: (1, 22202)
[M::mem_pestat] analyzing insert size distribution for orientation RR...
[M::mem_pestat] (25, 50, 75) percentile: (3, 454, 6103)
[M::mem_pestat] low and high boundaries for computing mean and std.dev: (1, 18303)
[M::mem_pestat] mean and std.dev: (2238.70, 2800.78)
[M::mem_pestat] low and high boundaries for proper pairs: (1, 24403)
[M::mem_pestat] skip orientation FF
[M::mem_pestat] skip orientation RF
[M::mem_pestat] skip orientation RR
[M::mem_process_seqs] Processed 559462 reads in 56.772 CPU sec, 6.980 real sec
[samclip] Processed 3400000 records...
[samclip] Processed 3500000 records...
[samclip] Processed 3600000 records...
[samclip] Processed 3700000 records...
[samclip] Processed 3800000 records...
[samclip] Processed 3900000 records...
[M::process] read 491534 sequences (70052986 bp)...
[M::mem_pestat] # candidate unique pairs for (FF, FR, RF, RR): (15, 214277, 18, 7)
[M::mem_pestat] analyzing insert size distribution for orientation FF...
[M::mem_pestat] (25, 50, 75) percentile: (98, 206, 6257)
[M::mem_pestat] low and high boundaries for computing mean and std.dev: (1, 18575)
[M::mem_pestat] mean and std.dev: (3060.80, 3310.04)
[M::mem_pestat] low and high boundaries for proper pairs: (1, 24734)
[M::mem_pestat] analyzing insert size distribution for orientation FR...
[M::mem_pestat] (25, 50, 75) percentile: (144, 196, 262)
[M::mem_pestat] low and high boundaries for computing mean and std.dev: (1, 498)
[M::mem_pestat] mean and std.dev: (208.65, 84.88)
[M::mem_pestat] low and high boundaries for proper pairs: (1, 616)
[M::mem_pestat] analyzing insert size distribution for orientation RF...
[M::mem_pestat] (25, 50, 75) percentile: (106, 3493, 5577)
[M::mem_pestat] low and high boundaries for computing mean and std.dev: (1, 16519)
[M::mem_pestat] mean and std.dev: (3057.44, 2325.65)
[M::mem_pestat] low and high boundaries for proper pairs: (1, 21990)
[M::mem_pestat] skip orientation RR as there are not enough pairs
[M::mem_pestat] skip orientation FF
[M::mem_pestat] skip orientation RF
[M::mem_process_seqs] Processed 560564 reads in 56.080 CPU sec, 6.912 real sec
[samclip] Processed 4000000 records...
[samclip] Processed 4100000 records...
[samclip] Processed 4200000 records...
[samclip] Processed 4300000 records...
[samclip] Processed 4400000 records...
[M::mem_pestat] # candidate unique pairs for (FF, FR, RF, RR): (12, 187003, 20, 1)
[M::mem_pestat] analyzing insert size distribution for orientation FF...
[M::mem_pestat] (25, 50, 75) percentile: (107, 158, 6192)
[M::mem_pestat] low and high boundaries for computing mean and std.dev: (1, 18362)
[M::mem_pestat] mean and std.dev: (2638.33, 3231.88)
[M::mem_pestat] low and high boundaries for proper pairs: (1, 24447)
[M::mem_pestat] analyzing insert size distribution for orientation FR...
[M::mem_pestat] (25, 50, 75) percentile: (143, 195, 261)
[M::mem_pestat] low and high boundaries for computing mean and std.dev: (1, 497)
[M::mem_pestat] mean and std.dev: (207.46, 84.32)
[M::mem_pestat] low and high boundaries for proper pairs: (1, 615)
[M::mem_pestat] analyzing insert size distribution for orientation RF...
[M::mem_pestat] (25, 50, 75) percentile: (124, 353, 2929)
[M::mem_pestat] low and high boundaries for computing mean and std.dev: (1, 8539)
[M::mem_pestat] mean and std.dev: (1608.55, 1993.26)
[M::mem_pestat] low and high boundaries for proper pairs: (1, 11344)
[M::mem_pestat] skip orientation RR as there are not enough pairs
[M::mem_pestat] skip orientation FF
[M::mem_pestat] skip orientation RF
[M::mem_process_seqs] Processed 491534 reads in 48.996 CPU sec, 6.141 real sec
[samclip] Processed 4500000 records...
[samclip] Processed 4600000 records...
[samclip] Processed 4700000 records...
[samclip] Processed 4800000 records...
[samclip] Processed 4900000 records...
[main] Version: 0.7.17-r1188
[main] CMD: bwa mem -Y -M -R @RG\tID:strain06\tSM:strain06 -t 8 reference/ref.fa /project/vdputten/SNP_pipeline/output/trimmed_illumina/strain06_1_trimmed.fastq.gz /project/vdputten/SNP_pipeline/output/trimmed_illumina/strain06_2_trimmed.fastq.gz
[main] Real time: 68.690 sec; CPU: 505.356 sec
[samclip] Total SAM records 4975987, removed 262025, allowed 120837, passed 4713962
[samclip] Header contained 5 lines
[samclip] Done.
[bam_sort_core] merging from 0 files and 7 in-memory blocks...
[bam_sort_core] merging from 0 files and 7 in-memory blocks...
[21:40:19] Running: samtools index snps.bam 2>> snps.log
[21:40:22] Running: fasta_generate_regions.py reference/ref.fa.fai 352690 > reference/ref.txt 2>> snps.log
[21:40:22] Running: freebayes-parallel reference/ref.txt 8 -p 2 -P 0 -C 10 --min-repeat-entropy 1.5 --strict-vcf -q 13 -m 60 --min-coverage 10 -F 0.05  -f reference/ref.fa snps.bam > snps.raw.vcf 2>> snps.log
[21:41:10] Running: bcftools view --include 'FMT/GT="1/1" && QUAL>=100 && FMT/DP>=10 && (FMT/AO)/(FMT/DP)>=0' snps.raw.vcf  | vt normalize -r reference/ref.fa - | bcftools annotate --remove '^INFO/TYPE,^INFO/DP,^INFO/RO,^INFO/AO,^INFO/AB,^FORMAT/GT,^FORMAT/DP,^FORMAT/RO,^FORMAT/AO,^FORMAT/QR,^FORMAT/QA,^FORMAT/GL' > snps.filt.vcf 2>> snps.log
normalize v0.5

options:     input VCF file                                  -
         [o] output VCF file                                 -
         [w] sorting window size                             10000
         [n] no fail on reference inconsistency for non SNPs false
         [q] quiet                                           false
         [d] debug                                           false
         [r] reference FASTA file                            reference/ref.fa


stats: biallelic
          no. left trimmed                      : 178
          no. right trimmed                     : 448
          no. left and right trimmed            : 66
          no. right trimmed and left aligned    : 0
          no. left aligned                      : 0

       total no. biallelic normalized           : 692

       multiallelic
          no. left trimmed                      : 0
          no. right trimmed                     : 0
          no. left and right trimmed            : 0
          no. right trimmed and left aligned    : 0
          no. left aligned                      : 0

       total no. multiallelic normalized        : 0

       total no. variants normalized            : 692
       total no. variants observed              : 83192
       total no. reference observed             : 0

Time elapsed: 1.35s

[21:41:11] Running: snpEff ann -noLog -noStats -no-downstream -no-upstream -no-utr -c reference/snpeff.config -dataDir . ref snps.filt.vcf > snps.vcf 2>> snps.log
[21:41:17] Running: /project/vdputten/SNP_pipeline/.snakemake/conda/ea2788ee/bin/snippy-vcf_to_tab --gff reference/ref.gff --ref reference/ref.fa --vcf snps.vcf > snps.tab 2>> snps.log
[21:41:22] Running: /project/vdputten/SNP_pipeline/.snakemake/conda/ea2788ee/bin/snippy-vcf_extract_subs snps.filt.vcf > snps.subs.vcf 2>> snps.log
[21:41:23] Running: bcftools convert -Oz -o snps.vcf.gz snps.vcf 2>> snps.log
[21:41:24] Running: bcftools index -f snps.vcf.gz 2>> snps.log
[21:41:24] Running: bcftools consensus -f reference/ref.fa -o snps.consensus.fa snps.vcf.gz 2>> snps.log
[21:41:25] Running: bcftools convert -Oz -o snps.subs.vcf.gz snps.subs.vcf 2>> snps.log
[21:41:26] Running: bcftools index -f snps.subs.vcf.gz 2>> snps.log
[21:41:26] Running: bcftools consensus -f reference/ref.fa -o snps.consensus.subs.fa snps.subs.vcf.gz 2>> snps.log
[21:41:27] Running: rm -f snps.subs.vcf.gz snps.subs.vcf.gz.csi snps.subs.vcf.gz.tbi 2>> snps.log
[21:41:27] Generating reference aligned/masked FASTA relative to reference: snps.aligned.fa
[21:41:45] Marked 1454 heterozygous sites with 'n'
[21:41:45] Creating extra output files: BED GFF CSV TXT HTML
[21:41:46] Identified 83192 variants.
[21:41:46] Deleting: reference/ref.fa.fai
[21:41:46] Deleting: reference/ref.fa.amb
[21:41:46] Deleting: reference/ref.fa.ann
[21:41:46] Deleting: reference/ref.fa.bwt
[21:41:46] Deleting: reference/ref.fa.pac
[21:41:46] Deleting: reference/ref.fa.sa
[21:41:46] Deleting: snps.bam
[21:41:46] Deleting: snps.bam.bai
[21:41:46] Deleting: snps.raw.vcf
[21:41:46] Deleting: snps.vcf.gz.csi
[21:41:46] Deleting: snps.vcf.gz
[21:41:46] Deleting: snps.consensus.fa
[21:41:46] Deleting: snps.consensus.subs.fa
[21:41:46] Deleting: ref.fa
[21:41:46] Removing folder: reference/genomes
[21:41:46] Removing folder: reference/ref
[21:41:46] Result folder: output/snippy_out/strain06
[21:41:46] Result files:
[21:41:46] * output/snippy_out/strain06/snps.aligned.fa
[21:41:46] * output/snippy_out/strain06/snps.bed
[21:41:46] * output/snippy_out/strain06/snps.csv
[21:41:46] * output/snippy_out/strain06/snps.filt.vcf
[21:41:46] * output/snippy_out/strain06/snps.gff
[21:41:46] * output/snippy_out/strain06/snps.html
[21:41:46] * output/snippy_out/strain06/snps.log
[21:41:46] * output/snippy_out/strain06/snps.subs.vcf
[21:41:46] * output/snippy_out/strain06/snps.tab
[21:41:46] * output/snippy_out/strain06/snps.txt
[21:41:46] * output/snippy_out/strain06/snps.vcf
[21:41:46] Walltime used: 3 minutes, 41 seconds
[21:41:46] Wishing you a life free of homopolymer errors.
[21:41:46] Done.
